<?xml version="1.0" encoding="UTF-8"?>
<testsuite xmlns:xsi="http://www.w3.org/2001/XMLSchema-instance" xsi:noNamespaceSchemaLocation="https://maven.apache.org/surefire/maven-surefire-plugin/xsd/surefire-test-report-3.0.xsd" version="3.0" name="com.automation.CoinDeskApiTest" time="1.515" tests="1" errors="0" skipped="0" failures="0">
  <properties>
[...]
</properties>
  <testcase name="testGetBitcoinPriceIndex" classname="com.automation.CoinDeskApiTest" time="1.497">
    <system-out><![CDATA[response : {
    "time": {
        "updated": "Feb 2, 2025 16:59:14 UTC",
        "updatedISO": "2025-02-02T16:59:14+00:00",
        "updateduk": "Feb 2, 2025 at 16:59 GMT"
    },
    "disclaimer": "This data was produced from the CoinDesk Bitcoin Price Index (USD). Non-USD currency data converted using hourly conversion rate from openexchangerates.org",
    "chartName": "Bitcoin",
    "bpi": {
        "USD": {
            "code": "USD",
            "symbol": "&#36;",
            "rate": "99,228.789",
            "description": "United States Dollar",
            "rate_float": 99228.789
        },
        "GBP": {
            "code": "GBP",
            "symbol": "&pound;",
            "rate": "79,689.351",
            "description": "British Pound Sterling",
            "rate_float": 79689.3505
        },
        "EUR": {
            "code": "EUR",
            "symbol": "&euro;",
            "rate": "94,870.363",
            "description": "Euro",
            "rate_float": 94870.3629
        }
    }
}
]]></system-out>
  </testcase>
</testsuite>