<?xml version="1.0" encoding="UTF-8"?>
<testsuite xmlns:xsi="http://www.w3.org/2001/XMLSchema-instance" xsi:noNamespaceSchemaLocation="https://maven.apache.org/surefire/maven-surefire-plugin/xsd/surefire-test-report-3.0.xsd" version="3.0" name="com.automation.CoinDeskApiTest" time="2.579" tests="1" errors="0" skipped="0" failures="0">
  <properties>
[...]
</properties>
  <testcase name="testGetBitcoinPriceIndex" classname="com.automation.CoinDeskApiTest" time="2.55">
    <system-out><![CDATA[response : {
    "time": {
        "updated": "Feb 4, 2025 11:55:55 UTC",
        "updatedISO": "2025-02-04T11:55:55+00:00",
        "updateduk": "Feb 4, 2025 at 11:55 GMT"
    },
    "disclaimer": "This data was produced from the CoinDesk Bitcoin Price Index (USD). Non-USD currency data converted using hourly conversion rate from openexchangerates.org",
    "chartName": "Bitcoin",
    "bpi": {
        "USD": {
            "code": "USD",
            "symbol": "&#36;",
            "rate": "100,361.41",
            "description": "United States Dollar",
            "rate_float": 100361.4103
        },
        "GBP": {
            "code": "GBP",
            "symbol": "&pound;",
            "rate": "80,598.944",
            "description": "British Pound Sterling",
            "rate_float": 80598.9439
        },
        "EUR": {
            "code": "EUR",
            "symbol": "&euro;",
            "rate": "95,953.236",
            "description": "Euro",
            "rate_float": 95953.2361
        }
    }
}
]]></system-out>
  </testcase>
</testsuite>